TN:
SF:C:/Users/xiaoxiao/Desktop/sensorium/src/communicate/command.js
FN:12,Command
FNF:1
FNH:1
FNDA:1,Command
DA:6,1
DA:7,1
DA:8,1
DA:9,1
DA:12,1
DA:21,0
DA:30,0
DA:40,0
DA:50,0
DA:51,0
DA:53,0
DA:57,0
DA:58,0
DA:59,0
DA:64,0
LF:15
LH:5
BRDA:51,0,0,0
BRDA:51,0,1,0
BRDA:53,1,0,0
BRDA:53,1,1,0
BRF:4
BRH:0
end_of_record
TN:
SF:C:/Users/xiaoxiao/Desktop/sensorium/src/communicate/read.js
FN:39,createSafeIndex
FN:55,isOverflow
FN:65,addRecord
FN:75,removeRecord
FN:85,addRequest
FN:109,removeOvertimeRequest
FN:128,execSend
FN:139,callbackProxy
FNF:8
FNH:0
FNDA:0,createSafeIndex
FNDA:0,isOverflow
FNDA:0,addRecord
FNDA:0,removeRecord
FNDA:0,addRequest
FNDA:0,removeOvertimeRequest
FNDA:0,execSend
FNDA:0,callbackProxy
DA:28,1
DA:30,1
DA:32,1
DA:40,0
DA:41,0
DA:42,0
DA:43,0
DA:47,0
DA:49,0
DA:56,0
DA:57,0
DA:66,0
DA:76,0
DA:86,0
DA:87,0
DA:89,0
DA:91,0
DA:93,0
DA:96,0
DA:97,0
DA:98,0
DA:101,0
DA:110,0
DA:111,0
DA:112,0
DA:113,0
DA:114,0
DA:115,0
DA:118,0
DA:130,0
DA:131,0
DA:140,0
DA:141,0
DA:142,0
LF:34
LH:3
BRDA:40,0,0,0
BRDA:40,0,1,0
BRDA:42,1,0,0
BRDA:42,1,1,0
BRDA:87,2,0,0
BRDA:87,2,1,0
BRDA:97,3,0,0
BRDA:97,3,1,0
BRDA:113,4,0,0
BRDA:113,4,1,0
BRDA:140,5,0,0
BRDA:140,5,1,0
BRF:12
BRH:0
end_of_record
TN:
SF:C:/Users/xiaoxiao/Desktop/sensorium/src/communicate/transport.js
FN:6,send
FN:9,onReceived
FNF:2
FNH:0
FNDA:0,send
FNDA:0,onReceived
DA:5,1
LF:1
LH:1
BRF:0
BRH:0
end_of_record
TN:
SF:C:/Users/xiaoxiao/Desktop/sensorium/src/communicate/write.js
FN:14,addRequest
FNF:1
FNH:0
FNDA:0,addRequest
DA:4,1
DA:6,1
DA:15,0
DA:16,0
DA:17,0
DA:18,0
DA:19,0
DA:20,0
LF:8
LH:2
BRDA:17,0,0,0
BRDA:17,0,1,0
BRDA:17,1,0,0
BRDA:17,1,1,0
BRF:4
BRH:0
end_of_record
TN:
SF:C:/Users/xiaoxiao/Desktop/sensorium/src/core/parse.js
FN:13,checkStart
FN:16,checkEnd
FN:21,Parse
FN:33,(anonymous_4)
FN:94,(anonymous_5)
FN:141,(anonymous_6)
FN:145,intBitsToFloat
FNF:7
FNH:1
FNDA:0,checkStart
FNDA:0,checkEnd
FNDA:1,Parse
FNDA:0,(anonymous_4)
FNDA:0,(anonymous_5)
FNDA:0,(anonymous_6)
FNDA:0,intBitsToFloat
DA:6,1
DA:9,1
DA:10,1
DA:11,1
DA:14,0
DA:17,0
DA:22,1
DA:33,1
DA:34,0
DA:36,0
DA:37,0
DA:39,0
DA:40,0
DA:41,0
DA:43,0
DA:44,0
DA:45,0
DA:47,0
DA:48,0
DA:49,0
DA:50,0
DA:53,0
DA:55,0
DA:56,0
DA:57,0
DA:59,0
DA:61,0
DA:63,0
DA:66,0
DA:70,0
DA:71,0
DA:72,0
DA:74,0
DA:94,1
DA:96,0
DA:97,0
DA:98,0
DA:102,0
DA:103,0
DA:107,0
DA:108,0
DA:112,0
DA:113,0
DA:114,0
DA:122,0
DA:123,0
DA:125,0
DA:133,0
DA:141,1
DA:142,0
DA:145,0
DA:147,0
DA:148,0
DA:149,0
DA:152,0
DA:154,0
DA:156,0
DA:157,0
DA:159,0
DA:161,0
LF:60
LH:8
BRDA:14,0,0,0
BRDA:14,0,1,0
BRDA:17,1,0,0
BRDA:17,1,1,0
BRDA:47,2,0,0
BRDA:47,2,1,0
BRDA:53,3,0,0
BRDA:53,3,1,0
BRDA:55,4,0,0
BRDA:55,4,1,0
BRDA:70,5,0,0
BRDA:70,5,1,0
BRDA:71,6,0,0
BRDA:71,6,1,0
BRDA:99,7,0,0
BRDA:99,7,1,0
BRDA:99,7,2,0
BRDA:99,7,3,0
BRDA:99,7,4,0
BRDA:99,7,5,0
BRDA:99,7,6,0
BRDA:99,7,7,0
BRDA:99,7,8,0
BRDA:99,7,9,0
BRDA:99,7,10,0
BRDA:99,7,11,0
BRDA:99,7,12,0
BRDA:147,8,0,0
BRDA:147,8,1,0
BRDA:150,9,0,0
BRDA:150,9,1,0
BRDA:156,10,0,0
BRDA:156,10,1,0
BRDA:156,11,0,0
BRDA:156,11,1,0
BRF:35
BRH:0
end_of_record
TN:
SF:C:/Users/xiaoxiao/Desktop/sensorium/src/core/type.js
FN:4,defineType
FN:5,(anonymous_3)
FNF:2
FNH:2
FNDA:5,defineType
FNDA:323,(anonymous_3)
DA:5,5
DA:6,323
DA:7,9
DA:9,314
DA:10,0
DA:12,0
DA:13,0
DA:15,0
DA:16,0
DA:18,0
DA:19,0
DA:21,0
DA:22,0
DA:24,0
DA:25,0
DA:27,0
DA:28,0
DA:31,314
DA:32,314
DA:33,314
DA:34,314
DA:36,0
DA:38,314
DA:42,1
DA:43,1
DA:44,1
DA:45,1
DA:46,1
LF:28
LH:14
BRDA:6,0,0,9
BRDA:6,0,1,314
BRDA:6,1,0,323
BRDA:6,1,1,182
BRDA:9,2,0,0
BRDA:9,2,1,314
BRDA:11,3,0,0
BRDA:11,3,1,0
BRDA:11,3,2,0
BRDA:11,3,3,0
BRDA:11,3,4,0
BRDA:11,3,5,0
BRDA:32,4,0,0
BRDA:32,4,1,314
BRDA:32,5,0,0
BRDA:32,5,1,0
BRDA:32,6,0,314
BRDA:32,6,1,0
BRDA:32,6,2,0
BRDA:32,7,0,0
BRDA:32,7,1,314
BRDA:33,8,0,314
BRDA:33,8,1,0
BRF:23
BRH:9
end_of_record
TN:
SF:C:/Users/xiaoxiao/Desktop/sensorium/src/core/utils.js
FN:11,limitValue
FN:30,arrayBufferFromArray
FN:45,arrayFromArrayBuffer
FN:59,buffer2string
FN:69,string2buffer
FN:80,intStrToHexStr
FN:98,hexStr2IntArray
FN:116,float32ToBytes
FN:165,bigIntToBytes
FN:183,longToBytes
FN:198,upperCaseFirstLetter
FN:201,(anonymous_14)
FN:224,emotionArrayToBytes
FN:241,bytesToInt
FN:254,bytesToString
FN:4,getSecurityValue
FN:4,composer
FNF:17
FNH:5
FNDA:216,limitValue
FNDA:0,arrayBufferFromArray
FNDA:0,arrayFromArrayBuffer
FNDA:0,buffer2string
FNDA:0,string2buffer
FNDA:0,intStrToHexStr
FNDA:0,hexStr2IntArray
FNDA:27,float32ToBytes
FNDA:25,bigIntToBytes
FNDA:13,longToBytes
FNDA:0,upperCaseFirstLetter
FNDA:0,(anonymous_14)
FNDA:0,emotionArrayToBytes
FNDA:0,bytesToInt
FNDA:0,bytesToString
FNDA:0,getSecurityValue
FNDA:225,composer
DA:12,216
DA:13,216
DA:14,216
DA:15,15
DA:18,216
DA:19,12
DA:21,216
DA:31,0
DA:32,0
DA:33,0
DA:34,0
DA:36,0
DA:46,0
DA:47,0
DA:48,0
DA:49,0
DA:51,0
DA:60,0
DA:61,0
DA:70,0
DA:71,0
DA:81,0
DA:82,0
DA:83,0
DA:84,0
DA:85,0
DA:86,0
DA:88,0
DA:89,0
DA:91,0
DA:94,0
DA:99,0
DA:100,0
DA:101,0
DA:102,0
DA:103,0
DA:105,0
DA:106,0
DA:107,0
DA:118,27
DA:119,2
DA:121,25
DA:122,25
DA:124,0
DA:125,0
DA:127,0
DA:128,0
DA:130,0
DA:131,0
DA:133,0
DA:134,0
DA:138,25
DA:139,5
DA:140,5
DA:143,25
DA:144,25
DA:146,25
DA:147,25
DA:148,0
DA:149,0
DA:150,25
DA:152,25
DA:153,25
DA:154,25
DA:156,25
DA:157,25
DA:166,25
DA:167,25
DA:168,25
DA:169,25
DA:170,25
DA:171,25
DA:172,25
DA:173,25
DA:174,25
DA:175,25
DA:184,13
DA:185,13
DA:186,13
DA:187,52
DA:188,52
DA:190,13
DA:199,0
DA:201,0
DA:202,0
DA:225,0
DA:226,0
DA:227,0
DA:228,0
DA:229,0
DA:230,0
DA:233,0
DA:242,0
DA:243,0
DA:244,0
DA:246,0
DA:255,0
DA:256,0
DA:257,0
DA:259,0
DA:263,0
DA:273,225
DA:274,2
DA:276,225
LF:104
LH:43
BRDA:13,0,0,216
BRDA:13,0,1,52
BRDA:14,1,0,15
BRDA:14,1,1,201
BRDA:18,2,0,12
BRDA:18,2,1,204
BRDA:83,3,0,0
BRDA:83,3,1,0
BRDA:85,4,0,0
BRDA:85,4,1,0
BRDA:88,5,0,0
BRDA:88,5,1,0
BRDA:118,6,0,2
BRDA:118,6,1,25
BRDA:123,7,0,0
BRDA:123,7,1,0
BRDA:123,7,2,0
BRDA:123,7,3,0
BRDA:123,7,4,25
BRDA:138,8,0,5
BRDA:138,8,1,20
BRDA:147,9,0,0
BRDA:147,9,1,25
BRDA:150,10,0,0
BRDA:150,10,1,25
BRDA:227,11,0,0
BRDA:227,11,1,0
BRDA:263,12,0,0
BRDA:263,12,1,0
BRDA:263,13,0,0
BRDA:263,13,1,0
BRDA:273,14,0,2
BRDA:273,14,1,223
BRF:33
BRH:15
end_of_record
TN:
SF:C:/Users/xiaoxiao/Desktop/sensorium/src/electronic/GPIO_continue.js
FN:8,GPIOContinue
FNF:1
FNH:0
FNDA:0,GPIOContinue
DA:1,1
DA:2,1
DA:3,1
DA:4,1
DA:5,1
DA:8,0
DA:10,0
DA:17,0
DA:18,0
DA:19,0
DA:23,1
LF:11
LH:6
BRDA:8,0,0,0
BRDA:8,0,1,0
BRF:2
BRH:0
end_of_record
TN:
SF:C:/Users/xiaoxiao/Desktop/sensorium/src/electronic/analog_GPIO.js
FN:8,AnalogGPIO
FNF:1
FNH:0
FNDA:0,AnalogGPIO
DA:1,1
DA:2,1
DA:3,1
DA:4,1
DA:5,1
DA:8,0
DA:10,0
DA:16,0
DA:17,0
DA:18,0
DA:22,1
LF:11
LH:6
BRDA:8,0,0,0
BRDA:8,0,1,0
BRF:2
BRH:0
end_of_record
TN:
SF:C:/Users/xiaoxiao/Desktop/sensorium/src/electronic/buzzer.js
FN:8,Buzzer
FNF:1
FNH:0
FNDA:0,Buzzer
DA:1,1
DA:2,1
DA:3,1
DA:4,1
DA:5,1
DA:8,0
DA:10,0
DA:21,0
DA:22,0
DA:30,0
DA:31,0
DA:35,0
DA:36,0
DA:37,0
DA:41,1
LF:15
LH:6
BRDA:8,0,0,0
BRDA:8,0,1,0
BRF:2
BRH:0
end_of_record
TN:
SF:C:/Users/xiaoxiao/Desktop/sensorium/src/electronic/compass.js
FN:8,Compass
FNF:1
FNH:1
FNDA:5,Compass
DA:1,1
DA:2,1
DA:3,1
DA:4,1
DA:5,1
DA:8,15
DA:10,5
DA:16,5
DA:17,5
DA:18,5
DA:22,1
LF:11
LH:11
BRDA:8,0,0,5
BRDA:8,0,1,0
BRF:2
BRH:1
end_of_record
TN:
SF:C:/Users/xiaoxiao/Desktop/sensorium/src/electronic/dc_motor.js
FN:9,DcMotor
FNF:1
FNH:1
FNDA:5,DcMotor
DA:1,1
DA:2,1
DA:3,1
DA:4,1
DA:5,1
DA:9,10
DA:14,0
DA:15,0
DA:19,9
DA:20,9
DA:21,9
DA:25,1
LF:12
LH:10
BRDA:9,0,0,5
BRDA:9,0,1,0
BRF:2
BRH:1
end_of_record
TN:
SF:C:/Users/xiaoxiao/Desktop/sensorium/src/electronic/dig_GPIO.js
FN:8,DigGPIO
FNF:1
FNH:0
FNDA:0,DigGPIO
DA:1,1
DA:2,1
DA:3,1
DA:4,1
DA:5,1
DA:8,0
DA:10,0
DA:16,0
DA:17,0
DA:18,0
DA:22,1
LF:11
LH:6
BRDA:8,0,0,0
BRDA:8,0,1,0
BRF:2
BRH:0
end_of_record
TN:
SF:C:/Users/xiaoxiao/Desktop/sensorium/src/electronic/double_GPIO.js
FN:8,DoubleGPIO
FNF:1
FNH:0
FNDA:0,DoubleGPIO
DA:1,1
DA:2,1
DA:3,1
DA:4,1
DA:5,1
DA:8,0
DA:10,0
DA:17,0
DA:18,0
DA:19,0
DA:23,1
LF:11
LH:6
BRDA:8,0,0,0
BRDA:8,0,1,0
BRF:2
BRH:0
end_of_record
TN:
SF:C:/Users/xiaoxiao/Desktop/sensorium/src/electronic/electronic.js
FNF:0
FNH:0
DA:8,127
LF:1
LH:1
BRF:0
BRH:0
end_of_record
TN:
SF:C:/Users/xiaoxiao/Desktop/sensorium/src/electronic/encoder_motor.js
FN:8,EncoderMotor
FNF:1
FNH:1
FNDA:5,EncoderMotor
DA:1,1
DA:2,1
DA:3,1
DA:4,1
DA:5,1
DA:8,15
DA:10,5
DA:21,14
DA:22,14
DA:27,1
LF:10
LH:10
BRDA:8,0,0,5
BRDA:8,0,1,0
BRF:2
BRH:1
end_of_record
TN:
SF:C:/Users/xiaoxiao/Desktop/sensorium/src/electronic/encoder_motor_on_board.js
FN:7,bufComposer
FN:12,EncoderMotorOnBoard
FNF:2
FNH:2
FNDA:4,bufComposer
FNDA:2,EncoderMotorOnBoard
DA:1,1
DA:2,1
DA:3,1
DA:4,1
DA:5,1
DA:7,1
DA:8,4
DA:12,6
DA:14,2
DA:20,2
DA:21,2
DA:22,2
DA:23,2
DA:31,2
DA:32,2
DA:33,2
DA:34,2
DA:38,1
LF:18
LH:18
BRDA:12,0,0,2
BRDA:12,0,1,0
BRF:2
BRH:1
end_of_record
TN:
SF:C:/Users/xiaoxiao/Desktop/sensorium/src/electronic/flame.js
FN:8,Flame
FNF:1
FNH:1
FNDA:5,Flame
DA:1,1
DA:2,1
DA:3,1
DA:4,1
DA:5,1
DA:8,15
DA:10,5
DA:16,5
DA:17,5
DA:18,5
DA:22,1
LF:11
LH:11
BRDA:8,0,0,5
BRDA:8,0,1,0
BRF:2
BRH:1
end_of_record
TN:
SF:C:/Users/xiaoxiao/Desktop/sensorium/src/electronic/four_keys.js
FN:8,FourKeys
FNF:1
FNH:1
FNDA:5,FourKeys
DA:1,1
DA:2,1
DA:3,1
DA:4,1
DA:5,1
DA:8,15
DA:10,5
DA:21,8
DA:22,8
DA:26,8
DA:27,8
DA:28,8
DA:32,1
LF:13
LH:13
BRDA:8,0,0,5
BRDA:8,0,1,0
BRF:2
BRH:1
end_of_record
TN:
SF:C:/Users/xiaoxiao/Desktop/sensorium/src/electronic/four_led.js
FN:4,FourLed
FNF:1
FNH:1
FNDA:5,FourLed
DA:1,1
DA:4,10
DA:9,1
LF:3
LH:3
BRDA:4,0,0,5
BRDA:4,0,1,0
BRF:2
BRH:1
end_of_record
TN:
SF:C:/Users/xiaoxiao/Desktop/sensorium/src/electronic/gas.js
FN:8,Gas
FNF:1
FNH:1
FNDA:5,Gas
DA:1,1
DA:2,1
DA:3,1
DA:4,1
DA:5,1
DA:8,15
DA:10,5
DA:16,5
DA:17,5
DA:18,5
DA:22,1
LF:11
LH:11
BRDA:8,0,0,5
BRDA:8,0,1,0
BRF:2
BRH:1
end_of_record
TN:
SF:C:/Users/xiaoxiao/Desktop/sensorium/src/electronic/gyro.js
FN:8,Gyro
FNF:1
FNH:1
FNDA:5,Gyro
DA:1,1
DA:2,1
DA:3,1
DA:4,1
DA:5,1
DA:8,10
DA:14,1
LF:7
LH:7
BRDA:8,0,0,5
BRDA:8,0,1,0
BRF:2
BRH:1
end_of_record
TN:
SF:C:/Users/xiaoxiao/Desktop/sensorium/src/electronic/humiture.js
FN:7,commandRead
FN:13,Humiture
FNF:2
FNH:2
FNDA:6,commandRead
FNDA:5,Humiture
DA:1,1
DA:2,1
DA:3,1
DA:4,1
DA:5,1
DA:7,1
DA:8,6
DA:9,6
DA:13,15
DA:15,5
DA:22,1
DA:23,1
DA:24,1
DA:28,5
DA:29,5
DA:30,5
DA:34,1
LF:17
LH:17
BRDA:13,0,0,5
BRDA:13,0,1,0
BRF:2
BRH:1
end_of_record
TN:
SF:C:/Users/xiaoxiao/Desktop/sensorium/src/electronic/index.js
FNF:0
FNH:0
DA:1,1
DA:2,1
DA:3,1
DA:4,1
DA:5,1
DA:6,1
DA:7,1
DA:8,1
DA:9,1
DA:10,1
DA:11,1
DA:12,1
DA:13,1
DA:14,1
DA:15,1
DA:16,1
DA:17,1
DA:18,1
DA:20,1
DA:21,1
DA:22,1
DA:23,1
DA:24,1
DA:25,1
DA:26,1
DA:27,1
DA:28,1
DA:29,1
DA:30,1
DA:31,1
DA:32,1
DA:33,1
DA:34,1
DA:35,1
DA:36,1
DA:37,1
DA:38,1
DA:39,1
DA:40,1
DA:41,1
DA:42,1
DA:43,1
DA:44,1
LF:43
LH:43
BRF:0
BRH:0
end_of_record
TN:
SF:C:/Users/xiaoxiao/Desktop/sensorium/src/electronic/joystick.js
FN:8,Joystick
FNF:1
FNH:1
FNDA:5,Joystick
DA:1,1
DA:2,1
DA:3,1
DA:4,1
DA:5,1
DA:8,15
DA:10,5
DA:17,6
DA:18,6
DA:22,6
DA:23,6
DA:24,6
DA:28,1
LF:13
LH:13
BRDA:8,0,0,5
BRDA:8,0,1,0
BRF:2
BRH:1
end_of_record
TN:
SF:C:/Users/xiaoxiao/Desktop/sensorium/src/electronic/led_matrix_char.js
FN:9,LedMatrixChar
FNF:1
FNH:0
FNDA:0,LedMatrixChar
DA:1,1
DA:2,1
DA:3,1
DA:4,1
DA:5,1
DA:9,0
DA:11,0
DA:19,0
DA:20,0
DA:24,0
DA:25,0
DA:29,0
DA:30,0
DA:34,0
DA:35,0
DA:36,0
DA:40,1
LF:17
LH:6
BRDA:9,0,0,0
BRDA:9,0,1,0
BRF:2
BRH:0
end_of_record
TN:
SF:C:/Users/xiaoxiao/Desktop/sensorium/src/electronic/led_matrix_emotion.js
FN:7,LedMatrixEmotion
FNF:1
FNH:0
FNDA:0,LedMatrixEmotion
DA:1,1
DA:2,1
DA:3,1
DA:4,1
DA:7,0
DA:10,0
DA:18,0
DA:19,0
DA:23,0
DA:24,0
DA:28,0
DA:29,0
DA:33,0
DA:34,0
DA:35,0
DA:39,1
LF:16
LH:5
BRDA:7,0,0,0
BRDA:7,0,1,0
BRF:2
BRH:0
end_of_record
TN:
SF:C:/Users/xiaoxiao/Desktop/sensorium/src/electronic/led_matrix_number.js
FN:8,LedMatrixNumber
FNF:1
FNH:0
FNDA:0,LedMatrixNumber
DA:1,1
DA:2,1
DA:3,1
DA:4,1
DA:5,1
DA:8,0
DA:10,0
DA:16,0
DA:17,0
DA:21,0
DA:22,0
DA:23,0
DA:27,1
LF:13
LH:6
BRDA:8,0,0,0
BRDA:8,0,1,0
BRF:2
BRH:0
end_of_record
TN:
SF:C:/Users/xiaoxiao/Desktop/sensorium/src/electronic/led_matrix_time.js
FN:9,LedMatrixTime
FNF:1
FNH:0
FNDA:0,LedMatrixTime
DA:1,1
DA:2,1
DA:3,1
DA:4,1
DA:5,1
DA:9,0
DA:11,0
DA:19,0
DA:20,0
DA:24,0
DA:25,0
DA:29,0
DA:30,0
DA:34,0
DA:35,0
DA:36,0
DA:40,1
LF:17
LH:6
BRDA:9,0,0,0
BRDA:9,0,1,0
BRF:2
BRH:0
end_of_record
TN:
SF:C:/Users/xiaoxiao/Desktop/sensorium/src/electronic/led_panel_on_board.js
FN:4,LedPanelOnBoard
FNF:1
FNH:1
FNDA:1,LedPanelOnBoard
DA:1,1
DA:4,2
DA:10,1
LF:3
LH:3
BRDA:4,0,0,1
BRDA:4,0,1,0
BRF:2
BRH:1
end_of_record
TN:
SF:C:/Users/xiaoxiao/Desktop/sensorium/src/electronic/light.js
FN:8,Light
FNF:1
FNH:1
FNDA:7,Light
DA:1,1
DA:2,1
DA:3,1
DA:4,1
DA:5,1
DA:8,21
DA:10,7
DA:16,7
DA:17,7
DA:18,7
DA:22,1
LF:11
LH:11
BRDA:8,0,0,7
BRDA:8,0,1,0
BRF:2
BRH:1
end_of_record
TN:
SF:C:/Users/xiaoxiao/Desktop/sensorium/src/electronic/limit_switch.js
FN:8,LimitSwitch
FNF:1
FNH:1
FNDA:5,LimitSwitch
DA:1,1
DA:2,1
DA:3,1
DA:4,1
DA:5,1
DA:8,15
DA:10,5
DA:17,6
DA:18,6
DA:19,6
DA:23,1
LF:11
LH:11
BRDA:8,0,0,5
BRDA:8,0,1,0
BRF:2
BRH:1
end_of_record
TN:
SF:C:/Users/xiaoxiao/Desktop/sensorium/src/electronic/line_follower.js
FN:8,LineFollower
FNF:1
FNH:1
FNDA:5,LineFollower
DA:1,1
DA:2,1
DA:3,1
DA:4,1
DA:5,1
DA:8,15
DA:10,5
DA:16,5
DA:17,5
DA:18,5
DA:22,1
LF:11
LH:11
BRDA:8,0,0,5
BRDA:8,0,1,0
BRF:2
BRH:1
end_of_record
TN:
SF:C:/Users/xiaoxiao/Desktop/sensorium/src/electronic/pirmotion.js
FN:8,Pirmotion
FNF:1
FNH:1
FNDA:5,Pirmotion
DA:1,1
DA:2,1
DA:3,1
DA:4,1
DA:5,1
DA:8,15
DA:10,5
DA:16,5
DA:17,5
DA:18,5
DA:22,1
LF:11
LH:11
BRDA:8,0,0,5
BRDA:8,0,1,0
BRF:2
BRH:1
end_of_record
TN:
SF:C:/Users/xiaoxiao/Desktop/sensorium/src/electronic/potentionmeter.js
FN:8,Potentionmeter
FNF:1
FNH:1
FNDA:5,Potentionmeter
DA:1,1
DA:2,1
DA:3,1
DA:4,1
DA:5,1
DA:8,15
DA:10,5
DA:16,5
DA:17,5
DA:18,5
DA:22,1
LF:11
LH:11
BRDA:8,0,0,5
BRDA:8,0,1,0
BRF:2
BRH:1
end_of_record
TN:
SF:C:/Users/xiaoxiao/Desktop/sensorium/src/electronic/reset.js
FN:8,Reset
FNF:1
FNH:0
FNDA:0,Reset
DA:1,1
DA:2,1
DA:3,1
DA:4,1
DA:5,1
DA:8,0
DA:10,0
DA:14,0
DA:15,0
DA:16,0
DA:20,1
LF:11
LH:6
BRDA:8,0,0,0
BRDA:8,0,1,0
BRF:2
BRH:0
end_of_record
TN:
SF:C:/Users/xiaoxiao/Desktop/sensorium/src/electronic/rgb_led.js
FN:4,RgbLed
FNF:1
FNH:1
FNDA:6,RgbLed
DA:1,1
DA:4,12
DA:9,1
LF:3
LH:3
BRDA:4,0,0,6
BRDA:4,0,1,0
BRF:2
BRH:1
end_of_record
TN:
SF:C:/Users/xiaoxiao/Desktop/sensorium/src/electronic/rgb_led_on_board.js
FN:4,RgbLedOnBoard
FNF:1
FNH:0
FNDA:0,RgbLedOnBoard
DA:1,1
DA:4,0
DA:9,1
LF:3
LH:2
BRDA:4,0,0,0
BRDA:4,0,1,0
BRF:2
BRH:0
end_of_record
TN:
SF:C:/Users/xiaoxiao/Desktop/sensorium/src/electronic/runtime.js
FN:8,Runtime
FNF:1
FNH:0
FNDA:0,Runtime
DA:1,1
DA:2,1
DA:3,1
DA:4,1
DA:5,1
DA:8,0
DA:13,0
DA:14,0
DA:15,0
DA:19,1
LF:10
LH:6
BRDA:8,0,0,0
BRDA:8,0,1,0
BRF:2
BRH:0
end_of_record
TN:
SF:C:/Users/xiaoxiao/Desktop/sensorium/src/electronic/servo_motor.js
FN:9,ServoMotor
FNF:1
FNH:1
FNDA:6,ServoMotor
DA:1,1
DA:2,1
DA:3,1
DA:4,1
DA:5,1
DA:9,18
DA:11,6
DA:24,12
DA:25,12
DA:33,1
DA:34,1
DA:42,1
DA:43,1
DA:47,12
DA:48,12
DA:49,12
DA:53,1
LF:17
LH:17
BRDA:9,0,0,6
BRDA:9,0,1,0
BRF:2
BRH:1
end_of_record
TN:
SF:C:/Users/xiaoxiao/Desktop/sensorium/src/electronic/seven_segment.js
FN:9,SevenSegment
FNF:1
FNH:1
FNDA:5,SevenSegment
DA:1,1
DA:2,1
DA:3,1
DA:4,1
DA:5,1
DA:9,15
DA:11,5
DA:18,13
DA:19,13
DA:23,13
DA:24,13
DA:25,13
DA:29,1
LF:13
LH:13
BRDA:9,0,0,5
BRDA:9,0,1,0
BRF:2
BRH:1
end_of_record
TN:
SF:C:/Users/xiaoxiao/Desktop/sensorium/src/electronic/shutter.js
FN:9,Shutter
FNF:1
FNH:0
FNDA:0,Shutter
DA:1,1
DA:2,1
DA:3,1
DA:4,1
DA:5,1
DA:9,0
DA:11,0
DA:22,0
DA:23,0
DA:27,0
DA:28,0
DA:29,0
DA:33,1
LF:13
LH:6
BRDA:9,0,0,0
BRDA:9,0,1,0
BRF:2
BRH:0
end_of_record
TN:
SF:C:/Users/xiaoxiao/Desktop/sensorium/src/electronic/sound.js
FN:4,Sound
FNF:1
FNH:1
FNDA:5,Sound
DA:1,1
DA:4,10
DA:9,1
LF:3
LH:3
BRDA:4,0,0,5
BRDA:4,0,1,0
BRF:2
BRH:1
end_of_record
TN:
SF:C:/Users/xiaoxiao/Desktop/sensorium/src/electronic/sound_on_board.js
FN:4,SoundOnBoard
FNF:1
FNH:1
FNDA:1,SoundOnBoard
DA:1,1
DA:4,2
DA:9,1
LF:3
LH:3
BRDA:4,0,0,1
BRDA:4,0,1,0
BRF:2
BRH:1
end_of_record
TN:
SF:C:/Users/xiaoxiao/Desktop/sensorium/src/electronic/stepper_motor.js
FN:9,StepperMotor
FNF:1
FNH:1
FNDA:4,StepperMotor
DA:1,1
DA:2,1
DA:3,1
DA:4,1
DA:5,1
DA:9,12
DA:11,4
DA:22,13
DA:23,13
DA:31,0
DA:32,0
DA:36,13
DA:37,13
DA:38,13
DA:42,1
LF:15
LH:13
BRDA:9,0,0,4
BRDA:9,0,1,0
BRF:2
BRH:1
end_of_record
TN:
SF:C:/Users/xiaoxiao/Desktop/sensorium/src/electronic/temperature.js
FN:8,Temperature
FNF:1
FNH:1
FNDA:6,Temperature
DA:1,1
DA:2,1
DA:3,1
DA:4,1
DA:5,1
DA:8,18
DA:10,6
DA:17,6
DA:18,6
DA:19,6
DA:23,1
LF:11
LH:11
BRDA:8,0,0,6
BRDA:8,0,1,0
BRF:2
BRH:1
end_of_record
TN:
SF:C:/Users/xiaoxiao/Desktop/sensorium/src/electronic/temperature_on_board.js
FN:7,TemperatureOnBoard
FNF:1
FNH:1
FNDA:1,TemperatureOnBoard
DA:1,1
DA:2,1
DA:3,1
DA:4,1
DA:7,2
DA:12,1
DA:13,1
DA:14,1
DA:18,1
LF:9
LH:9
BRDA:7,0,0,1
BRDA:7,0,1,0
BRF:2
BRH:1
end_of_record
TN:
SF:C:/Users/xiaoxiao/Desktop/sensorium/src/electronic/touch.js
FN:8,Touch
FNF:1
FNH:1
FNDA:5,Touch
DA:1,1
DA:2,1
DA:3,1
DA:4,1
DA:5,1
DA:8,15
DA:10,5
DA:16,5
DA:17,5
DA:18,5
DA:22,1
LF:11
LH:11
BRDA:8,0,0,5
BRDA:8,0,1,0
BRF:2
BRH:1
end_of_record
TN:
SF:C:/Users/xiaoxiao/Desktop/sensorium/src/electronic/ultrasonic.js
FN:8,Ultrasonic
FNF:1
FNH:1
FNDA:5,Ultrasonic
DA:1,1
DA:2,1
DA:3,1
DA:4,1
DA:5,1
DA:8,15
DA:10,5
DA:16,5
DA:17,5
DA:18,5
DA:22,1
LF:11
LH:11
BRDA:8,0,0,5
BRDA:8,0,1,0
BRF:2
BRH:1
end_of_record
TN:
SF:C:/Users/xiaoxiao/Desktop/sensorium/src/electronic/virtual_joystick.js
FN:9,VirtualJoystick
FNF:1
FNH:1
FNDA:1,VirtualJoystick
DA:1,1
DA:2,1
DA:3,1
DA:4,1
DA:5,1
DA:9,3
DA:11,1
DA:18,0
DA:19,0
DA:20,0
DA:24,9
DA:25,9
DA:29,9
DA:30,9
DA:34,9
DA:35,9
DA:36,9
DA:40,0
DA:44,1
LF:19
LH:15
BRDA:9,0,0,1
BRDA:9,0,1,0
BRDA:18,1,0,0
BRDA:18,1,1,0
BRDA:19,2,0,0
BRDA:19,2,1,0
BRDA:24,3,0,9
BRDA:24,3,1,1
BRDA:29,4,0,9
BRDA:29,4,1,1
BRF:10
BRH:5
end_of_record
TN:
SF:C:/Users/xiaoxiao/Desktop/sensorium/src/electronic/virtual_joystick_for_balance.js
FN:9,VirtualJoystickForBalance
FNF:1
FNH:1
FNDA:1,VirtualJoystickForBalance
DA:1,1
DA:2,1
DA:3,1
DA:4,1
DA:5,1
DA:9,3
DA:11,1
DA:18,9
DA:19,9
DA:23,9
DA:24,9
DA:28,9
DA:29,9
DA:30,9
DA:38,0
DA:39,0
DA:43,0
DA:47,1
LF:18
LH:15
BRDA:9,0,0,1
BRDA:9,0,1,0
BRDA:18,1,0,9
BRDA:18,1,1,1
BRDA:23,2,0,9
BRDA:23,2,1,1
BRF:6
BRH:5
end_of_record
TN:
SF:C:/Users/xiaoxiao/Desktop/sensorium/src/electronic/base/EncoderMotorBase.js
FN:14,EncoderMotorBase
FNF:1
FNH:1
FNDA:7,EncoderMotorBase
DA:1,1
DA:2,1
DA:3,1
DA:4,1
DA:5,1
DA:14,14
DA:23,21
DA:24,21
DA:25,7
DA:27,14
DA:29,21
DA:30,21
DA:38,0
DA:39,0
LF:14
LH:12
BRDA:14,0,0,7
BRDA:14,0,1,0
BRDA:24,1,0,7
BRDA:24,1,1,14
BRF:4
BRH:3
end_of_record
TN:
SF:C:/Users/xiaoxiao/Desktop/sensorium/src/electronic/base/GyroBase.js
FN:8,GyroBase
FNF:1
FNH:1
FNDA:6,GyroBase
DA:1,1
DA:2,1
DA:3,1
DA:4,1
DA:5,1
DA:8,18
DA:10,6
DA:17,10
DA:18,10
DA:22,10
DA:23,10
DA:24,10
LF:12
LH:12
BRDA:8,0,0,6
BRDA:8,0,1,0
BRF:2
BRH:1
end_of_record
TN:
SF:C:/Users/xiaoxiao/Desktop/sensorium/src/electronic/base/LedMatrixBase.js
FN:9,LedMatrixBase
FNF:1
FNH:0
FNDA:0,LedMatrixBase
DA:1,1
DA:2,1
DA:3,1
DA:9,0
DA:11,0
LF:5
LH:3
BRDA:9,0,0,0
BRDA:9,0,1,0
BRF:2
BRH:0
end_of_record
TN:
SF:C:/Users/xiaoxiao/Desktop/sensorium/src/electronic/base/MotorBase.js
FN:12,MotorBase
FNF:1
FNH:1
FNDA:16,MotorBase
DA:1,1
DA:2,1
DA:12,48
DA:14,16
DA:27,43
DA:28,43
DA:35,0
DA:42,0
LF:8
LH:6
BRDA:12,0,0,16
BRDA:12,0,1,0
BRF:2
BRH:1
end_of_record
TN:
SF:C:/Users/xiaoxiao/Desktop/sensorium/src/electronic/base/RgbLedBase.js
FN:7,bufComposer
FN:12,commandWrite
FN:24,RgbLedBase
FNF:3
FNH:3
FNDA:28,bufComposer
FNDA:28,commandWrite
FNDA:12,RgbLedBase
DA:1,1
DA:2,1
DA:3,1
DA:4,1
DA:5,1
DA:7,1
DA:8,28
DA:9,28
DA:12,1
DA:14,28
DA:15,28
DA:24,36
DA:26,12
DA:39,26
DA:40,26
DA:48,3
DA:49,3
DA:57,3
DA:58,3
DA:66,3
DA:67,3
DA:75,3
DA:76,3
DA:84,1
DA:85,1
DA:86,1
DA:93,1
DA:94,1
DA:101,1
DA:102,1
DA:109,21
DA:110,21
DA:111,21
DA:118,1
DA:119,1
DA:120,1
DA:127,1
DA:128,1
DA:129,1
DA:136,1
DA:137,1
DA:138,1
LF:42
LH:42
BRDA:24,0,0,12
BRDA:24,0,1,0
BRF:2
BRH:1
end_of_record
TN:
SF:C:/Users/xiaoxiao/Desktop/sensorium/src/mainboard/auriga.js
FN:10,Auriga
FN:10,_loop
FN:24,(anonymous_10)
FN:40,(anonymous_12)
FNF:4
FNH:3
FNDA:1,Auriga
FNDA:43,_loop
FNDA:214,(anonymous_10)
FNDA:0,(anonymous_12)
DA:1,1
DA:2,1
DA:3,1
DA:4,1
DA:5,1
DA:7,1
DA:10,4
DA:13,1
DA:15,1
DA:17,1
DA:19,1
DA:21,43
DA:22,43
DA:23,43
DA:24,38
DA:25,214
DA:36,1
DA:37,1
DA:38,0
DA:40,1
DA:41,0
DA:42,0
DA:52,8
DA:53,8
DA:54,8
DA:62,1
DA:63,1
DA:64,1
DA:72,1
DA:73,1
DA:74,1
LF:31
LH:28
BRDA:10,0,0,1
BRDA:10,0,1,0
BRDA:23,1,0,38
BRDA:23,1,1,5
BRDA:37,2,0,0
BRDA:37,2,1,1
BRDA:38,3,0,0
BRDA:38,3,1,0
BRDA:42,4,0,0
BRDA:42,4,1,0
BRF:10
BRH:4
end_of_record
TN:
SF:C:/Users/xiaoxiao/Desktop/sensorium/src/mainboard/settings.js
FNF:0
FNH:0
DA:1,1
LF:1
LH:1
BRF:0
BRH:0
end_of_record
TN:
SF:C:/Users/xiaoxiao/Desktop/sensorium/src/mainboard/firmware/mode.js
FN:7,Mode
FNF:1
FNH:1
FNDA:1,Mode
DA:1,1
DA:2,1
DA:3,1
DA:4,1
DA:7,1
DA:16,8
DA:17,8
DA:21,2
DA:22,2
DA:30,0
LF:10
LH:9
BRF:0
BRH:0
end_of_record
TN:
SF:C:/Users/xiaoxiao/Desktop/sensorium/src/mainboard/firmware/version.js
FN:7,Version
FNF:1
FNH:1
FNDA:1,Version
DA:1,1
DA:2,1
DA:3,1
DA:4,1
DA:7,1
DA:11,1
DA:12,1
DA:13,1
LF:8
LH:8
BRF:0
BRH:0
end_of_record
TN:
SF:C:/Users/xiaoxiao/Desktop/sensorium/src/protocol/cmd.js
FN:15,bufAssembler
FN:36,protocolAssembler
FN:44,(anonymous_4)
FN:56,(anonymous_5)
FN:72,(anonymous_6)
FN:92,(anonymous_7)
FN:110,(anonymous_8)
FN:131,(anonymous_9)
FN:154,(anonymous_10)
FN:170,(anonymous_11)
FN:179,(anonymous_12)
FN:190,(anonymous_13)
FN:198,(anonymous_14)
FN:213,(anonymous_15)
FN:224,(anonymous_16)
FN:236,(anonymous_17)
FN:251,(anonymous_18)
FN:275,(anonymous_19)
FN:302,(anonymous_20)
FN:315,(anonymous_21)
FN:331,(anonymous_22)
FN:340,(anonymous_23)
FN:351,(anonymous_24)
FN:374,(anonymous_25)
FN:388,(anonymous_26)
FN:401,(anonymous_27)
FN:413,(anonymous_28)
FN:425,(anonymous_29)
FN:437,(anonymous_30)
FN:450,(anonymous_31)
FN:462,(anonymous_32)
FN:472,(anonymous_33)
FN:485,(anonymous_34)
FN:502,(anonymous_35)
FN:515,(anonymous_36)
FN:527,(anonymous_37)
FN:540,(anonymous_38)
FN:552,(anonymous_39)
FN:564,(anonymous_40)
FN:576,(anonymous_41)
FN:589,(anonymous_42)
FN:601,(anonymous_43)
FN:613,(anonymous_44)
FN:625,(anonymous_45)
FN:636,(anonymous_46)
FN:648,(anonymous_47)
FN:660,(anonymous_48)
FN:672,(anonymous_49)
FNF:48
FNH:32
FNDA:225,bufAssembler
FNDA:1,protocolAssembler
FNDA:9,(anonymous_4)
FNDA:7,(anonymous_5)
FNDA:14,(anonymous_6)
FNDA:9,(anonymous_7)
FNDA:9,(anonymous_8)
FNDA:13,(anonymous_9)
FNDA:28,(anonymous_10)
FNDA:0,(anonymous_11)
FNDA:0,(anonymous_12)
FNDA:0,(anonymous_13)
FNDA:0,(anonymous_14)
FNDA:8,(anonymous_15)
FNDA:12,(anonymous_16)
FNDA:13,(anonymous_17)
FNDA:0,(anonymous_18)
FNDA:0,(anonymous_19)
FNDA:0,(anonymous_20)
FNDA:0,(anonymous_21)
FNDA:0,(anonymous_22)
FNDA:0,(anonymous_23)
FNDA:0,(anonymous_24)
FNDA:1,(anonymous_25)
FNDA:5,(anonymous_26)
FNDA:6,(anonymous_27)
FNDA:7,(anonymous_28)
FNDA:5,(anonymous_29)
FNDA:6,(anonymous_30)
FNDA:10,(anonymous_31)
FNDA:6,(anonymous_32)
FNDA:1,(anonymous_33)
FNDA:5,(anonymous_34)
FNDA:5,(anonymous_35)
FNDA:6,(anonymous_36)
FNDA:5,(anonymous_37)
FNDA:6,(anonymous_38)
FNDA:5,(anonymous_39)
FNDA:5,(anonymous_40)
FNDA:5,(anonymous_41)
FNDA:8,(anonymous_42)
FNDA:4,(anonymous_43)
FNDA:2,(anonymous_44)
FNDA:0,(anonymous_45)
FNDA:0,(anonymous_46)
FNDA:0,(anonymous_47)
FNDA:0,(anonymous_48)
FNDA:0,(anonymous_49)
DA:4,1
DA:15,776
DA:16,225
DA:17,225
DA:18,225
DA:19,225
DA:21,225
DA:22,0
DA:24,225
DA:25,0
DA:26,225
DA:27,0
DA:29,225
DA:32,225
DA:33,225
DA:44,1
DA:45,9
DA:46,9
DA:56,1
DA:57,7
DA:58,7
DA:59,7
DA:72,1
DA:73,14
DA:74,14
DA:75,14
DA:76,14
DA:92,1
DA:93,9
DA:94,9
DA:95,9
DA:110,1
DA:111,9
DA:112,9
DA:113,9
DA:114,9
DA:131,1
DA:132,13
DA:133,13
DA:134,13
DA:154,1
DA:155,28
DA:156,28
DA:157,28
DA:158,28
DA:159,28
DA:170,1
DA:171,0
DA:179,1
DA:180,0
DA:190,1
DA:191,0
DA:198,1
DA:199,0
DA:213,1
DA:214,8
DA:215,8
DA:224,1
DA:225,12
DA:226,12
DA:236,1
DA:237,13
DA:238,13
DA:239,13
DA:251,1
DA:252,0
DA:253,0
DA:254,0
DA:257,0
DA:275,1
DA:287,0
DA:302,1
DA:303,0
DA:304,0
DA:305,0
DA:315,1
DA:316,0
DA:317,0
DA:331,1
DA:332,0
DA:340,1
DA:341,0
DA:351,1
DA:352,0
DA:363,0
DA:374,1
DA:375,1
DA:388,1
DA:389,5
DA:401,1
DA:402,6
DA:413,1
DA:414,7
DA:425,1
DA:426,5
DA:437,1
DA:438,6
DA:450,1
DA:451,10
DA:462,1
DA:463,6
DA:472,1
DA:473,1
DA:474,1
DA:485,1
DA:486,5
DA:502,1
DA:503,5
DA:515,1
DA:516,6
DA:527,1
DA:528,5
DA:540,1
DA:541,6
DA:552,1
DA:553,5
DA:564,1
DA:565,5
DA:576,1
DA:577,5
DA:589,1
DA:590,8
DA:601,1
DA:602,4
DA:603,4
DA:613,1
DA:615,2
DA:625,1
DA:626,0
DA:636,1
DA:637,0
DA:648,1
DA:649,0
DA:660,1
DA:661,0
DA:672,1
DA:673,0
LF:137
LH:111
BRDA:21,0,0,0
BRDA:21,0,1,225
BRDA:22,1,0,0
BRDA:22,1,1,0
BRDA:24,2,0,0
BRDA:24,2,1,225
BRDA:26,3,0,0
BRDA:26,3,1,225
BRDA:29,4,0,225
BRDA:29,4,1,225
BRDA:73,5,0,14
BRDA:73,5,1,0
BRDA:214,6,0,8
BRDA:214,6,1,0
BRF:14
BRH:7
end_of_record
